Build started 2017-05-23 오후 8:33:19.
     1>Project "C:\Users\human-003\Documents\Visual Studio 2010\Projects\01start\02start\02start.vcxproj" on node 2 (build target(s)).
     1>InitializeBuildStatus:
         Creating "Release\02start.unsuccessfulbuild" because "AlwaysCreate" was specified.
       ClCompile:
         C:\Program Files (x86)\Microsoft Visual Studio 10.0\VC\bin\CL.exe /c /Zi /nologo /W3 /WX- /O2 /Oi /Oy- /GL /D WIN32 /D NDEBUG /D _CONSOLE /D _UNICODE /D UNICODE /Gm- /EHsc /MD /GS /Gy /fp:precise /Zc:wchar_t /Zc:forScope /Fo"Release\\" /Fd"Release\vc100.pdb" /Gd /TP /analyze- /errorReport:prompt 01.cpp
         01.cpp
     1>01.cpp(122): warning C4996: 'scanf': This function or variable may be unsafe. Consider using scanf_s instead. To disable deprecation, use _CRT_SECURE_NO_WARNINGS. See online help for details.
                 C:\Program Files (x86)\Microsoft Visual Studio 10.0\VC\include\stdio.h(304) : see declaration of 'scanf'
       Link:
         C:\Program Files (x86)\Microsoft Visual Studio 10.0\VC\bin\link.exe /ERRORREPORT:PROMPT /OUT:"C:\Users\human-003\Documents\Visual Studio 2010\Projects\01start\Release\02start.exe" /INCREMENTAL:NO /NOLOGO kernel32.lib user32.lib gdi32.lib winspool.lib comdlg32.lib advapi32.lib shell32.lib ole32.lib oleaut32.lib uuid.lib odbc32.lib odbccp32.lib /MANIFEST /ManifestFile:"Release\02start.exe.intermediate.manifest" /MANIFESTUAC:"level='asInvoker' uiAccess='false'" /DEBUG /PDB:"C:\Users\human-003\Documents\Visual Studio 2010\Projects\01start\Release\02start.pdb" /SUBSYSTEM:CONSOLE /OPT:REF /OPT:ICF /LTCG /TLBID:1 /DYNAMICBASE /NXCOMPAT /IMPLIB:"C:\Users\human-003\Documents\Visual Studio 2010\Projects\01start\Release\02start.lib" /MACHINE:X86 Release\01.obj
         Generating code
         Finished generating code
         02start.vcxproj -> C:\Users\human-003\Documents\Visual Studio 2010\Projects\01start\Release\02start.exe
       Manifest:
         C:\Program Files (x86)\Microsoft SDKs\Windows\v7.0A\bin\mt.exe /nologo /verbose /outputresource:"C:\Users\human-003\Documents\Visual Studio 2010\Projects\01start\Release\02start.exe;#1" /manifest Release\02start.exe.intermediate.manifest
       FinalizeBuildStatus:
         Deleting file "Release\02start.unsuccessfulbuild".
         Touching "Release\02start.lastbuildstate".
     1>Done Building Project "C:\Users\human-003\Documents\Visual Studio 2010\Projects\01start\02start\02start.vcxproj" (build target(s)).

Build succeeded.

Time Elapsed 00:00:00.27
